<?xml version="1.0" encoding="UTF-8"?>
<!-- Generated by org.testng.reporters.JUnitReportReporter -->
<testsuite skipped="0" hostname="DVZ-IND-L061" name="secondPackage.secondtestNGfile" tests="2" failures="0" timestamp="07 Aug 2020 07:11:13 GMT" time="17.827" errors="0">
  <testcase name="verifyLoginPage" time="2.133" classname="secondPackage.secondtestNGfile"/>
  <testcase name="verifyHomePage" time="15.694" classname="secondPackage.secondtestNGfile"/>
</testsuite> <!-- secondPackage.secondtestNGfile -->
