<?xml version="1.0" encoding="UTF-8"?>
<!-- Generated by org.testng.reporters.JUnitReportReporter -->
<testsuite skipped="0" hostname="DVZ-IND-L061" name="com.app.qa.testdata.LoginPageTest" tests="3" failures="0" timestamp="12 Aug 2020 10:08:07 GMT" time="11.047" errors="0">
  <testcase name="ICLogoTest" time="0.135" classname="com.app.qa.testdata.LoginPageTest"/>
  <testcase name="loginPageTitleTest" time="0.012" classname="com.app.qa.testdata.LoginPageTest"/>
  <testcase name="LoginTest" time="10.900" classname="com.app.qa.testdata.LoginPageTest"/>
</testsuite> <!-- com.app.qa.testdata.LoginPageTest -->
